<?xml version="1.0" encoding="UTF-8"?>
<testng-results ignored="0" total="1" passed="1" failed="0" skipped="0">
  <reporter-output>
  </reporter-output>
  <suite started-at="2024-06-24T18:47:15 IST" name="Default suite" finished-at="2024-06-24T18:47:15 IST" duration-ms="91">
    <groups>
    </groups>
    <test started-at="2024-06-24T18:47:15 IST" name="Default test" finished-at="2024-06-24T18:47:15 IST" duration-ms="91">
      <class name="demo2.D2Test">
        <test-method signature="d1Test()[pri:0, instance:demo2.D2Test@72d1ad2e]" started-at="2024-06-24T18:47:15 IST" name="d1Test" finished-at="2024-06-24T18:47:15 IST" duration-ms="18" status="PASS">
          <reporter-output>
          </reporter-output>
        </test-method> <!-- d1Test -->
      </class> <!-- demo2.D2Test -->
    </test> <!-- Default test -->
  </suite> <!-- Default suite -->
</testng-results>
